[2026-01-23 13:50:17] production.WARNING: ⚠️ [ODOO] Connection test skipped: Configuration incomplete {"url_configured":false,"database_configured":false,"username_configured":false,"api_key_configured":false,"note":"Please configure Odoo settings in .env file"} 
[2026-01-23 14:12:04] production.WARNING: ⚠️ [ODOO] Connection test skipped: Configuration incomplete {"url_configured":false,"database_configured":false,"username_configured":false,"api_key_configured":false,"note":"Please configure Odoo settings in .env file"} 
[2026-01-23 14:12:04] production.ERROR: There are no commands defined in the "generate" namespace. {"exception":"[object] (Symfony\\Component\\Console\\Exception\\NamespaceNotFoundException(code: 0): There are no commands defined in the \"generate\" namespace. at C:/Users/FABRICIORENECRESPORO/Desktop/Rentals/reborn-rentals/vendor/symfony/console/Application.php:694)
[stacktrace]
#0 C:/Users/FABRICIORENECRESPORO/Desktop/Rentals/reborn-rentals/vendor/symfony/console/Application.php(743): Symfony/Component/Console/Application->findNamespace()
#1 C:/Users/FABRICIORENECRESPORO/Desktop/Rentals/reborn-rentals/vendor/symfony/console/Application.php(298): Symfony/Component/Console/Application->find()
#2 C:/Users/FABRICIORENECRESPORO/Desktop/Rentals/reborn-rentals/vendor/symfony/console/Application.php(195): Symfony/Component/Console/Application->doRun()
#3 C:/Users/FABRICIORENECRESPORO/Desktop/Rentals/reborn-rentals/vendor/laravel/framework/src/Illuminate/Foundation/Console/Kernel.php(198): Symfony/Component/Console/Application->run()
#4 C:/Users/FABRICIORENECRESPORO/Desktop/Rentals/reborn-rentals/vendor/laravel/framework/src/Illuminate/Foundation/Application.php(1235): Illuminate/Foundation/Console/Kernel->handle()
#5 C:/Users/FABRICIORENECRESPORO/Desktop/Rentals/reborn-rentals/artisan(16): Illuminate/Foundation/Application->handleCommand()
#6 {main}
"} 
[2026-01-23 14:12:43] production.WARNING: ⚠️ [ODOO] Connection test skipped: Configuration incomplete {"url_configured":false,"database_configured":false,"username_configured":false,"api_key_configured":false,"note":"Please configure Odoo settings in .env file"} 
[2026-01-23 14:12:43] production.ERROR: file_get_contents(C:\Users\FABRICIORENECRESPORO\Desktop\Rentals\reborn-rentals\.env): Failed to open stream: No such file or directory {"exception":"[object] (ErrorException(code: 0): file_get_contents(C:\\Users\\FABRICIORENECRESPORO\\Desktop\\Rentals\\reborn-rentals\\.env): Failed to open stream: No such file or directory at C:/Users/FABRICIORENECRESPORO/Desktop/Rentals/reborn-rentals/vendor/laravel/framework/src/Illuminate/Foundation/Console/KeyGenerateCommand.php:100)
[stacktrace]
#0 C:/Users/FABRICIORENECRESPORO/Desktop/Rentals/reborn-rentals/vendor/laravel/framework/src/Illuminate/Foundation/Bootstrap/HandleExceptions.php(258): Illuminate/Foundation/Bootstrap/HandleExceptions->handleError()
#1 [internal function]: Illuminate/Foundation/Bootstrap/HandleExceptions->{closure:Illuminate/Foundation/Bootstrap/HandleExceptions::forwardsTo():257}()
#2 C:/Users/FABRICIORENECRESPORO/Desktop/Rentals/reborn-rentals/vendor/laravel/framework/src/Illuminate/Foundation/Console/KeyGenerateCommand.php(100): file_get_contents()
#3 C:/Users/FABRICIORENECRESPORO/Desktop/Rentals/reborn-rentals/vendor/laravel/framework/src/Illuminate/Foundation/Console/KeyGenerateCommand.php(82): Illuminate/Foundation/Console/KeyGenerateCommand->writeNewEnvironmentFileWith()
#4 C:/Users/FABRICIORENECRESPORO/Desktop/Rentals/reborn-rentals/vendor/laravel/framework/src/Illuminate/Foundation/Console/KeyGenerateCommand.php(47): Illuminate/Foundation/Console/KeyGenerateCommand->setKeyInEnvironmentFile()
#5 C:/Users/FABRICIORENECRESPORO/Desktop/Rentals/reborn-rentals/vendor/laravel/framework/src/Illuminate/Container/BoundMethod.php(36): Illuminate/Foundation/Console/KeyGenerateCommand->handle()
#6 C:/Users/FABRICIORENECRESPORO/Desktop/Rentals/reborn-rentals/vendor/laravel/framework/src/Illuminate/Container/Util.php(43): Illuminate/Container/BoundMethod::{closure:Illuminate/Container/BoundMethod::call():35}()
#7 C:/Users/FABRICIORENECRESPORO/Desktop/Rentals/reborn-rentals/vendor/laravel/framework/src/Illuminate/Container/BoundMethod.php(96): Illuminate/Container/Util::unwrapIfClosure()
#8 C:/Users/FABRICIORENECRESPORO/Desktop/Rentals/reborn-rentals/vendor/laravel/framework/src/Illuminate/Container/BoundMethod.php(35): Illuminate/Container/BoundMethod::callBoundMethod()
#9 C:/Users/FABRICIORENECRESPORO/Desktop/Rentals/reborn-rentals/vendor/laravel/framework/src/Illuminate/Container/Container.php(799): Illuminate/Container/BoundMethod::call()
#10 C:/Users/FABRICIORENECRESPORO/Desktop/Rentals/reborn-rentals/vendor/laravel/framework/src/Illuminate/Console/Command.php(211): Illuminate/Container/Container->call()
#11 C:/Users/FABRICIORENECRESPORO/Desktop/Rentals/reborn-rentals/vendor/symfony/console/Command/Command.php(341): Illuminate/Console/Command->execute()
#12 C:/Users/FABRICIORENECRESPORO/Desktop/Rentals/reborn-rentals/vendor/laravel/framework/src/Illuminate/Console/Command.php(180): Symfony/Component/Console/Command/Command->run()
#13 C:/Users/FABRICIORENECRESPORO/Desktop/Rentals/reborn-rentals/vendor/symfony/console/Application.php(1102): Illuminate/Console/Command->run()
#14 C:/Users/FABRICIORENECRESPORO/Desktop/Rentals/reborn-rentals/vendor/symfony/console/Application.php(356): Symfony/Component/Console/Application->doRunCommand()
#15 C:/Users/FABRICIORENECRESPORO/Desktop/Rentals/reborn-rentals/vendor/symfony/console/Application.php(195): Symfony/Component/Console/Application->doRun()
#16 C:/Users/FABRICIORENECRESPORO/Desktop/Rentals/reborn-rentals/vendor/laravel/framework/src/Illuminate/Foundation/Console/Kernel.php(198): Symfony/Component/Console/Application->run()
#17 C:/Users/FABRICIORENECRESPORO/Desktop/Rentals/reborn-rentals/vendor/laravel/framework/src/Illuminate/Foundation/Application.php(1235): Illuminate/Foundation/Console/Kernel->handle()
#18 C:/Users/FABRICIORENECRESPORO/Desktop/Rentals/reborn-rentals/artisan(16): Illuminate/Foundation/Application->handleCommand()
#19 {main}
"} 
[2026-01-23 14:13:44] production.WARNING: ⚠️ [ODOO] Connection test skipped: Configuration incomplete {"url_configured":false,"database_configured":false,"username_configured":false,"api_key_configured":false,"note":"Please configure Odoo settings in .env file"} 
[2026-01-23 14:13:44] production.ERROR: file_get_contents(C:\Users\FABRICIORENECRESPORO\Desktop\Rentals\reborn-rentals\.env): Failed to open stream: No such file or directory {"exception":"[object] (ErrorException(code: 0): file_get_contents(C:\\Users\\FABRICIORENECRESPORO\\Desktop\\Rentals\\reborn-rentals\\.env): Failed to open stream: No such file or directory at C:/Users/FABRICIORENECRESPORO/Desktop/Rentals/reborn-rentals/vendor/laravel/framework/src/Illuminate/Foundation/Console/KeyGenerateCommand.php:100)
[stacktrace]
#0 C:/Users/FABRICIORENECRESPORO/Desktop/Rentals/reborn-rentals/vendor/laravel/framework/src/Illuminate/Foundation/Bootstrap/HandleExceptions.php(258): Illuminate/Foundation/Bootstrap/HandleExceptions->handleError()
#1 [internal function]: Illuminate/Foundation/Bootstrap/HandleExceptions->{closure:Illuminate/Foundation/Bootstrap/HandleExceptions::forwardsTo():257}()
#2 C:/Users/FABRICIORENECRESPORO/Desktop/Rentals/reborn-rentals/vendor/laravel/framework/src/Illuminate/Foundation/Console/KeyGenerateCommand.php(100): file_get_contents()
#3 C:/Users/FABRICIORENECRESPORO/Desktop/Rentals/reborn-rentals/vendor/laravel/framework/src/Illuminate/Foundation/Console/KeyGenerateCommand.php(82): Illuminate/Foundation/Console/KeyGenerateCommand->writeNewEnvironmentFileWith()
#4 C:/Users/FABRICIORENECRESPORO/Desktop/Rentals/reborn-rentals/vendor/laravel/framework/src/Illuminate/Foundation/Console/KeyGenerateCommand.php(47): Illuminate/Foundation/Console/KeyGenerateCommand->setKeyInEnvironmentFile()
#5 C:/Users/FABRICIORENECRESPORO/Desktop/Rentals/reborn-rentals/vendor/laravel/framework/src/Illuminate/Container/BoundMethod.php(36): Illuminate/Foundation/Console/KeyGenerateCommand->handle()
#6 C:/Users/FABRICIORENECRESPORO/Desktop/Rentals/reborn-rentals/vendor/laravel/framework/src/Illuminate/Container/Util.php(43): Illuminate/Container/BoundMethod::{closure:Illuminate/Container/BoundMethod::call():35}()
#7 C:/Users/FABRICIORENECRESPORO/Desktop/Rentals/reborn-rentals/vendor/laravel/framework/src/Illuminate/Container/BoundMethod.php(96): Illuminate/Container/Util::unwrapIfClosure()
#8 C:/Users/FABRICIORENECRESPORO/Desktop/Rentals/reborn-rentals/vendor/laravel/framework/src/Illuminate/Container/BoundMethod.php(35): Illuminate/Container/BoundMethod::callBoundMethod()
#9 C:/Users/FABRICIORENECRESPORO/Desktop/Rentals/reborn-rentals/vendor/laravel/framework/src/Illuminate/Container/Container.php(799): Illuminate/Container/BoundMethod::call()
#10 C:/Users/FABRICIORENECRESPORO/Desktop/Rentals/reborn-rentals/vendor/laravel/framework/src/Illuminate/Console/Command.php(211): Illuminate/Container/Container->call()
#11 C:/Users/FABRICIORENECRESPORO/Desktop/Rentals/reborn-rentals/vendor/symfony/console/Command/Command.php(341): Illuminate/Console/Command->execute()
#12 C:/Users/FABRICIORENECRESPORO/Desktop/Rentals/reborn-rentals/vendor/laravel/framework/src/Illuminate/Console/Command.php(180): Symfony/Component/Console/Command/Command->run()
#13 C:/Users/FABRICIORENECRESPORO/Desktop/Rentals/reborn-rentals/vendor/symfony/console/Application.php(1102): Illuminate/Console/Command->run()
#14 C:/Users/FABRICIORENECRESPORO/Desktop/Rentals/reborn-rentals/vendor/symfony/console/Application.php(356): Symfony/Component/Console/Application->doRunCommand()
#15 C:/Users/FABRICIORENECRESPORO/Desktop/Rentals/reborn-rentals/vendor/symfony/console/Application.php(195): Symfony/Component/Console/Application->doRun()
#16 C:/Users/FABRICIORENECRESPORO/Desktop/Rentals/reborn-rentals/vendor/laravel/framework/src/Illuminate/Foundation/Console/Kernel.php(198): Symfony/Component/Console/Application->run()
#17 C:/Users/FABRICIORENECRESPORO/Desktop/Rentals/reborn-rentals/vendor/laravel/framework/src/Illuminate/Foundation/Application.php(1235): Illuminate/Foundation/Console/Kernel->handle()
#18 C:/Users/FABRICIORENECRESPORO/Desktop/Rentals/reborn-rentals/artisan(16): Illuminate/Foundation/Application->handleCommand()
#19 {main}
"} 
[2026-01-23 14:13:57] production.WARNING: ⚠️ [ODOO] Connection test skipped: Configuration incomplete {"url_configured":false,"database_configured":false,"username_configured":false,"api_key_configured":false,"note":"Please configure Odoo settings in .env file"} 
[2026-01-23 14:14:17] production.WARNING: ⚠️ [ODOO] Connection test skipped: Configuration incomplete {"url_configured":false,"database_configured":false,"username_configured":false,"api_key_configured":false,"note":"Please configure Odoo settings in .env file"} 
[2026-01-23 14:14:17] production.ERROR: file_get_contents(C:\Users\FABRICIORENECRESPORO\Desktop\Rentals\reborn-rentals\.env): Failed to open stream: No such file or directory {"exception":"[object] (ErrorException(code: 0): file_get_contents(C:\\Users\\FABRICIORENECRESPORO\\Desktop\\Rentals\\reborn-rentals\\.env): Failed to open stream: No such file or directory at C:/Users/FABRICIORENECRESPORO/Desktop/Rentals/reborn-rentals/vendor/laravel/framework/src/Illuminate/Foundation/Console/KeyGenerateCommand.php:100)
[stacktrace]
#0 C:/Users/FABRICIORENECRESPORO/Desktop/Rentals/reborn-rentals/vendor/laravel/framework/src/Illuminate/Foundation/Bootstrap/HandleExceptions.php(258): Illuminate/Foundation/Bootstrap/HandleExceptions->handleError()
#1 [internal function]: Illuminate/Foundation/Bootstrap/HandleExceptions->{closure:Illuminate/Foundation/Bootstrap/HandleExceptions::forwardsTo():257}()
#2 C:/Users/FABRICIORENECRESPORO/Desktop/Rentals/reborn-rentals/vendor/laravel/framework/src/Illuminate/Foundation/Console/KeyGenerateCommand.php(100): file_get_contents()
#3 C:/Users/FABRICIORENECRESPORO/Desktop/Rentals/reborn-rentals/vendor/laravel/framework/src/Illuminate/Foundation/Console/KeyGenerateCommand.php(82): Illuminate/Foundation/Console/KeyGenerateCommand->writeNewEnvironmentFileWith()
#4 C:/Users/FABRICIORENECRESPORO/Desktop/Rentals/reborn-rentals/vendor/laravel/framework/src/Illuminate/Foundation/Console/KeyGenerateCommand.php(47): Illuminate/Foundation/Console/KeyGenerateCommand->setKeyInEnvironmentFile()
#5 C:/Users/FABRICIORENECRESPORO/Desktop/Rentals/reborn-rentals/vendor/laravel/framework/src/Illuminate/Container/BoundMethod.php(36): Illuminate/Foundation/Console/KeyGenerateCommand->handle()
#6 C:/Users/FABRICIORENECRESPORO/Desktop/Rentals/reborn-rentals/vendor/laravel/framework/src/Illuminate/Container/Util.php(43): Illuminate/Container/BoundMethod::{closure:Illuminate/Container/BoundMethod::call():35}()
#7 C:/Users/FABRICIORENECRESPORO/Desktop/Rentals/reborn-rentals/vendor/laravel/framework/src/Illuminate/Container/BoundMethod.php(96): Illuminate/Container/Util::unwrapIfClosure()
#8 C:/Users/FABRICIORENECRESPORO/Desktop/Rentals/reborn-rentals/vendor/laravel/framework/src/Illuminate/Container/BoundMethod.php(35): Illuminate/Container/BoundMethod::callBoundMethod()
#9 C:/Users/FABRICIORENECRESPORO/Desktop/Rentals/reborn-rentals/vendor/laravel/framework/src/Illuminate/Container/Container.php(799): Illuminate/Container/BoundMethod::call()
#10 C:/Users/FABRICIORENECRESPORO/Desktop/Rentals/reborn-rentals/vendor/laravel/framework/src/Illuminate/Console/Command.php(211): Illuminate/Container/Container->call()
#11 C:/Users/FABRICIORENECRESPORO/Desktop/Rentals/reborn-rentals/vendor/symfony/console/Command/Command.php(341): Illuminate/Console/Command->execute()
#12 C:/Users/FABRICIORENECRESPORO/Desktop/Rentals/reborn-rentals/vendor/laravel/framework/src/Illuminate/Console/Command.php(180): Symfony/Component/Console/Command/Command->run()
#13 C:/Users/FABRICIORENECRESPORO/Desktop/Rentals/reborn-rentals/vendor/symfony/console/Application.php(1102): Illuminate/Console/Command->run()
#14 C:/Users/FABRICIORENECRESPORO/Desktop/Rentals/reborn-rentals/vendor/symfony/console/Application.php(356): Symfony/Component/Console/Application->doRunCommand()
#15 C:/Users/FABRICIORENECRESPORO/Desktop/Rentals/reborn-rentals/vendor/symfony/console/Application.php(195): Symfony/Component/Console/Application->doRun()
#16 C:/Users/FABRICIORENECRESPORO/Desktop/Rentals/reborn-rentals/vendor/laravel/framework/src/Illuminate/Foundation/Console/Kernel.php(198): Symfony/Component/Console/Application->run()
#17 C:/Users/FABRICIORENECRESPORO/Desktop/Rentals/reborn-rentals/vendor/laravel/framework/src/Illuminate/Foundation/Application.php(1235): Illuminate/Foundation/Console/Kernel->handle()
#18 C:/Users/FABRICIORENECRESPORO/Desktop/Rentals/reborn-rentals/artisan(16): Illuminate/Foundation/Application->handleCommand()
#19 {main}
"} 
[2026-01-23 14:14:29] production.WARNING: ⚠️ [ODOO] Connection test skipped: Configuration incomplete {"url_configured":false,"database_configured":false,"username_configured":false,"api_key_configured":false,"note":"Please configure Odoo settings in .env file"} 
[2026-01-23 14:14:50] local.INFO: 🔍 [ODOO] Testing connection on application boot {"url":"https://rbcmswusa-llc.odoo.com","database":"rbcmswusa-llc","username":"admin@rebornrental.com"} 
[2026-01-23 14:14:50] local.INFO: 🔐 [ODOO] Starting authentication {"url":"https://rbcmswusa-llc.odoo.com","database":"rbcmswusa-llc","username":"admin@rebornrental.com"} 
[2026-01-23 14:14:51] local.INFO: ✅ [ODOO] Authentication successful {"uid":2,"database":"rbcmswusa-llc","username":"admin@rebornrental.com","cache_ttl":"3600 seconds"} 
[2026-01-23 14:14:51] local.INFO: ✅ [ODOO] Connection test PASSED {"url":"https://rbcmswusa-llc.odoo.com","database":"rbcmswusa-llc","uid":2,"status":"connected","note":"Odoo is reachable and authentication successful"} 
[2026-01-23 14:14:57] local.INFO: 🔍 [ODOO] Testing connection on application boot {"url":"https://rbcmswusa-llc.odoo.com","database":"rbcmswusa-llc","username":"admin@rebornrental.com"} 
[2026-01-23 14:14:57] local.INFO: 🔐 [ODOO] Starting authentication {"url":"https://rbcmswusa-llc.odoo.com","database":"rbcmswusa-llc","username":"admin@rebornrental.com"} 
[2026-01-23 14:14:58] local.INFO: ✅ [ODOO] Authentication successful {"uid":2,"database":"rbcmswusa-llc","username":"admin@rebornrental.com","cache_ttl":"3600 seconds"} 
[2026-01-23 14:14:58] local.INFO: ✅ [ODOO] Connection test PASSED {"url":"https://rbcmswusa-llc.odoo.com","database":"rbcmswusa-llc","uid":2,"status":"connected","note":"Odoo is reachable and authentication successful"} 
[2026-01-23 14:15:01] local.INFO: 🔍 [ODOO] Testing connection on application boot {"url":"https://rbcmswusa-llc.odoo.com","database":"rbcmswusa-llc","username":"admin@rebornrental.com"} 
[2026-01-23 14:15:01] local.INFO: 🔐 [ODOO] Starting authentication {"url":"https://rbcmswusa-llc.odoo.com","database":"rbcmswusa-llc","username":"admin@rebornrental.com"} 
[2026-01-23 14:15:02] local.INFO: ✅ [ODOO] Authentication successful {"uid":2,"database":"rbcmswusa-llc","username":"admin@rebornrental.com","cache_ttl":"3600 seconds"} 
[2026-01-23 14:15:02] local.INFO: ✅ [ODOO] Connection test PASSED {"url":"https://rbcmswusa-llc.odoo.com","database":"rbcmswusa-llc","uid":2,"status":"connected","note":"Odoo is reachable and authentication successful"} 
[2026-01-23 14:15:04] local.INFO: 🔍 [ODOO] Testing connection on application boot {"url":"https://rbcmswusa-llc.odoo.com","database":"rbcmswusa-llc","username":"admin@rebornrental.com"} 
[2026-01-23 14:15:04] local.INFO: 🔐 [ODOO] Starting authentication {"url":"https://rbcmswusa-llc.odoo.com","database":"rbcmswusa-llc","username":"admin@rebornrental.com"} 
[2026-01-23 14:15:05] local.INFO: ✅ [ODOO] Authentication successful {"uid":2,"database":"rbcmswusa-llc","username":"admin@rebornrental.com","cache_ttl":"3600 seconds"} 
[2026-01-23 14:15:05] local.INFO: ✅ [ODOO] Connection test PASSED {"url":"https://rbcmswusa-llc.odoo.com","database":"rbcmswusa-llc","uid":2,"status":"connected","note":"Odoo is reachable and authentication successful"} 
[2026-01-23 14:15:09] local.INFO: 🔍 [ODOO] Testing connection on application boot {"url":"https://rbcmswusa-llc.odoo.com","database":"rbcmswusa-llc","username":"admin@rebornrental.com"} 
[2026-01-23 14:15:09] local.INFO: 🔐 [ODOO] Starting authentication {"url":"https://rbcmswusa-llc.odoo.com","database":"rbcmswusa-llc","username":"admin@rebornrental.com"} 
[2026-01-23 14:15:10] local.INFO: ✅ [ODOO] Authentication successful {"uid":2,"database":"rbcmswusa-llc","username":"admin@rebornrental.com","cache_ttl":"3600 seconds"} 
[2026-01-23 14:15:10] local.INFO: ✅ [ODOO] Connection test PASSED {"url":"https://rbcmswusa-llc.odoo.com","database":"rbcmswusa-llc","uid":2,"status":"connected","note":"Odoo is reachable and authentication successful"} 
[2026-01-23 14:15:10] local.INFO: 🔍 [ODOO] Testing connection on application boot {"url":"https://rbcmswusa-llc.odoo.com","database":"rbcmswusa-llc","username":"admin@rebornrental.com"} 
[2026-01-23 14:15:10] local.INFO: 🔐 [ODOO] Starting authentication {"url":"https://rbcmswusa-llc.odoo.com","database":"rbcmswusa-llc","username":"admin@rebornrental.com"} 
[2026-01-23 14:15:11] local.INFO: ✅ [ODOO] Authentication successful {"uid":2,"database":"rbcmswusa-llc","username":"admin@rebornrental.com","cache_ttl":"3600 seconds"} 
[2026-01-23 14:15:11] local.INFO: ✅ [ODOO] Connection test PASSED {"url":"https://rbcmswusa-llc.odoo.com","database":"rbcmswusa-llc","uid":2,"status":"connected","note":"Odoo is reachable and authentication successful"} 
[2026-01-23 14:16:35] local.INFO: 🔍 [ODOO] Testing connection on application boot {"url":"https://rbcmswusa-llc.odoo.com","database":"rbcmswusa-llc","username":"admin@rebornrental.com"} 
[2026-01-23 14:16:35] local.INFO: 🔐 [ODOO] Starting authentication {"url":"https://rbcmswusa-llc.odoo.com","database":"rbcmswusa-llc","username":"admin@rebornrental.com"} 
[2026-01-23 14:16:36] local.INFO: ✅ [ODOO] Authentication successful {"uid":2,"database":"rbcmswusa-llc","username":"admin@rebornrental.com","cache_ttl":"3600 seconds"} 
[2026-01-23 14:16:36] local.INFO: ✅ [ODOO] Connection test PASSED {"url":"https://rbcmswusa-llc.odoo.com","database":"rbcmswusa-llc","uid":2,"status":"connected","note":"Odoo is reachable and authentication successful"} 
[2026-01-23 14:16:37] local.INFO: 🔍 [ODOO] Testing connection on application boot {"url":"https://rbcmswusa-llc.odoo.com","database":"rbcmswusa-llc","username":"admin@rebornrental.com"} 
[2026-01-23 14:16:37] local.INFO: 🔐 [ODOO] Starting authentication {"url":"https://rbcmswusa-llc.odoo.com","database":"rbcmswusa-llc","username":"admin@rebornrental.com"} 
[2026-01-23 14:16:38] local.INFO: ✅ [ODOO] Authentication successful {"uid":2,"database":"rbcmswusa-llc","username":"admin@rebornrental.com","cache_ttl":"3600 seconds"} 
[2026-01-23 14:16:38] local.INFO: ✅ [ODOO] Connection test PASSED {"url":"https://rbcmswusa-llc.odoo.com","database":"rbcmswusa-llc","uid":2,"status":"connected","note":"Odoo is reachable and authentication successful"} 
[2026-01-23 14:26:07] local.INFO: 🔍 [ODOO] Testing connection on application boot {"url":"https://rbcmswusa-llc.odoo.com","database":"rbcmswusa-llc","username":"admin@rebornrental.com"} 
[2026-01-23 14:26:07] local.INFO: 🔐 [ODOO] Starting authentication {"url":"https://rbcmswusa-llc.odoo.com","database":"rbcmswusa-llc","username":"admin@rebornrental.com"} 
[2026-01-23 14:26:08] local.INFO: ✅ [ODOO] Authentication successful {"uid":2,"database":"rbcmswusa-llc","username":"admin@rebornrental.com","cache_ttl":"3600 seconds"} 
[2026-01-23 14:26:08] local.INFO: ✅ [ODOO] Connection test PASSED {"url":"https://rbcmswusa-llc.odoo.com","database":"rbcmswusa-llc","uid":2,"status":"connected","note":"Odoo is reachable and authentication successful"} 
[2026-01-23 14:26:08] local.INFO: 🔍 [ODOO] Testing connection on application boot {"url":"https://rbcmswusa-llc.odoo.com","database":"rbcmswusa-llc","username":"admin@rebornrental.com"} 
[2026-01-23 14:26:08] local.INFO: 🔐 [ODOO] Starting authentication {"url":"https://rbcmswusa-llc.odoo.com","database":"rbcmswusa-llc","username":"admin@rebornrental.com"} 
[2026-01-23 14:26:09] local.INFO: ✅ [ODOO] Authentication successful {"uid":2,"database":"rbcmswusa-llc","username":"admin@rebornrental.com","cache_ttl":"3600 seconds"} 
[2026-01-23 14:26:09] local.INFO: ✅ [ODOO] Connection test PASSED {"url":"https://rbcmswusa-llc.odoo.com","database":"rbcmswusa-llc","uid":2,"status":"connected","note":"Odoo is reachable and authentication successful"} 
[2026-01-23 14:32:00] local.INFO: 🔍 [ODOO] Testing connection on application boot {"url":"https://rbcmswusa-llc.odoo.com","database":"rbcmswusa-llc","username":"admin@rebornrental.com"} 
[2026-01-23 14:32:00] local.INFO: 🔐 [ODOO] Starting authentication {"url":"https://rbcmswusa-llc.odoo.com","database":"rbcmswusa-llc","username":"admin@rebornrental.com"} 
[2026-01-23 14:32:01] local.INFO: ✅ [ODOO] Authentication successful {"uid":2,"database":"rbcmswusa-llc","username":"admin@rebornrental.com","cache_ttl":"3600 seconds"} 
[2026-01-23 14:32:01] local.INFO: ✅ [ODOO] Connection test PASSED {"url":"https://rbcmswusa-llc.odoo.com","database":"rbcmswusa-llc","uid":2,"status":"connected","note":"Odoo is reachable and authentication successful"} 
[2026-01-23 14:32:01] local.INFO: 🔍 [ODOO] Testing connection on application boot {"url":"https://rbcmswusa-llc.odoo.com","database":"rbcmswusa-llc","username":"admin@rebornrental.com"} 
[2026-01-23 14:32:01] local.INFO: 🔐 [ODOO] Starting authentication {"url":"https://rbcmswusa-llc.odoo.com","database":"rbcmswusa-llc","username":"admin@rebornrental.com"} 
[2026-01-23 14:32:03] local.INFO: ✅ [ODOO] Authentication successful {"uid":2,"database":"rbcmswusa-llc","username":"admin@rebornrental.com","cache_ttl":"3600 seconds"} 
[2026-01-23 14:32:03] local.INFO: ✅ [ODOO] Connection test PASSED {"url":"https://rbcmswusa-llc.odoo.com","database":"rbcmswusa-llc","uid":2,"status":"connected","note":"Odoo is reachable and authentication successful"} 
[2026-01-23 14:32:09] local.INFO: 🔍 [ODOO] Testing connection on application boot {"url":"https://rbcmswusa-llc.odoo.com","database":"rbcmswusa-llc","username":"admin@rebornrental.com"} 
[2026-01-23 14:32:09] local.INFO: 🔐 [ODOO] Starting authentication {"url":"https://rbcmswusa-llc.odoo.com","database":"rbcmswusa-llc","username":"admin@rebornrental.com"} 
[2026-01-23 14:32:11] local.INFO: ✅ [ODOO] Authentication successful {"uid":2,"database":"rbcmswusa-llc","username":"admin@rebornrental.com","cache_ttl":"3600 seconds"} 
[2026-01-23 14:32:11] local.INFO: ✅ [ODOO] Connection test PASSED {"url":"https://rbcmswusa-llc.odoo.com","database":"rbcmswusa-llc","uid":2,"status":"connected","note":"Odoo is reachable and authentication successful"} 
[2026-01-23 14:32:37] local.INFO: 🔍 [ODOO] Testing connection on application boot {"url":"https://rbcmswusa-llc.odoo.com","database":"rbcmswusa-llc","username":"admin@rebornrental.com"} 
[2026-01-23 14:32:37] local.INFO: 🔐 [ODOO] Starting authentication {"url":"https://rbcmswusa-llc.odoo.com","database":"rbcmswusa-llc","username":"admin@rebornrental.com"} 
[2026-01-23 14:32:38] local.INFO: ✅ [ODOO] Authentication successful {"uid":2,"database":"rbcmswusa-llc","username":"admin@rebornrental.com","cache_ttl":"3600 seconds"} 
[2026-01-23 14:32:38] local.INFO: ✅ [ODOO] Connection test PASSED {"url":"https://rbcmswusa-llc.odoo.com","database":"rbcmswusa-llc","uid":2,"status":"connected","note":"Odoo is reachable and authentication successful"} 
[2026-01-23 14:32:55] local.INFO: 🔍 [ODOO] Testing connection on application boot {"url":"https://rbcmswusa-llc.odoo.com","database":"rbcmswusa-llc","username":"admin@rebornrental.com"} 
[2026-01-23 14:32:55] local.INFO: 🔐 [ODOO] Starting authentication {"url":"https://rbcmswusa-llc.odoo.com","database":"rbcmswusa-llc","username":"admin@rebornrental.com"} 
[2026-01-23 14:32:56] local.INFO: ✅ [ODOO] Authentication successful {"uid":2,"database":"rbcmswusa-llc","username":"admin@rebornrental.com","cache_ttl":"3600 seconds"} 
[2026-01-23 14:32:56] local.INFO: ✅ [ODOO] Connection test PASSED {"url":"https://rbcmswusa-llc.odoo.com","database":"rbcmswusa-llc","uid":2,"status":"connected","note":"Odoo is reachable and authentication successful"} 
[2026-01-23 14:32:56] local.INFO: 🔍 [ODOO] Testing connection on application boot {"url":"https://rbcmswusa-llc.odoo.com","database":"rbcmswusa-llc","username":"admin@rebornrental.com"} 
[2026-01-23 14:32:56] local.INFO: 🔐 [ODOO] Starting authentication {"url":"https://rbcmswusa-llc.odoo.com","database":"rbcmswusa-llc","username":"admin@rebornrental.com"} 
[2026-01-23 14:32:57] local.INFO: ✅ [ODOO] Authentication successful {"uid":2,"database":"rbcmswusa-llc","username":"admin@rebornrental.com","cache_ttl":"3600 seconds"} 
[2026-01-23 14:32:57] local.INFO: ✅ [ODOO] Connection test PASSED {"url":"https://rbcmswusa-llc.odoo.com","database":"rbcmswusa-llc","uid":2,"status":"connected","note":"Odoo is reachable and authentication successful"} 
[2026-01-23 14:32:58] local.INFO: 🔍 [ODOO] Testing connection on application boot {"url":"https://rbcmswusa-llc.odoo.com","database":"rbcmswusa-llc","username":"admin@rebornrental.com"} 
[2026-01-23 14:32:58] local.INFO: 🔐 [ODOO] Starting authentication {"url":"https://rbcmswusa-llc.odoo.com","database":"rbcmswusa-llc","username":"admin@rebornrental.com"} 
[2026-01-23 14:32:59] local.INFO: ✅ [ODOO] Authentication successful {"uid":2,"database":"rbcmswusa-llc","username":"admin@rebornrental.com","cache_ttl":"3600 seconds"} 
[2026-01-23 14:32:59] local.INFO: ✅ [ODOO] Connection test PASSED {"url":"https://rbcmswusa-llc.odoo.com","database":"rbcmswusa-llc","uid":2,"status":"connected","note":"Odoo is reachable and authentication successful"} 
[2026-01-23 14:33:10] local.INFO: 🔍 [ODOO] Testing connection on application boot {"url":"https://rbcmswusa-llc.odoo.com","database":"rbcmswusa-llc","username":"admin@rebornrental.com"} 
[2026-01-23 14:33:10] local.INFO: 🔐 [ODOO] Starting authentication {"url":"https://rbcmswusa-llc.odoo.com","database":"rbcmswusa-llc","username":"admin@rebornrental.com"} 
[2026-01-23 14:33:11] local.INFO: ✅ [ODOO] Authentication successful {"uid":2,"database":"rbcmswusa-llc","username":"admin@rebornrental.com","cache_ttl":"3600 seconds"} 
[2026-01-23 14:33:11] local.INFO: ✅ [ODOO] Connection test PASSED {"url":"https://rbcmswusa-llc.odoo.com","database":"rbcmswusa-llc","uid":2,"status":"connected","note":"Odoo is reachable and authentication successful"} 
[2026-01-23 14:33:11] local.INFO: 🔍 [ODOO] Testing connection on application boot {"url":"https://rbcmswusa-llc.odoo.com","database":"rbcmswusa-llc","username":"admin@rebornrental.com"} 
[2026-01-23 14:33:11] local.INFO: 🔐 [ODOO] Starting authentication {"url":"https://rbcmswusa-llc.odoo.com","database":"rbcmswusa-llc","username":"admin@rebornrental.com"} 
[2026-01-23 14:33:12] local.INFO: ✅ [ODOO] Authentication successful {"uid":2,"database":"rbcmswusa-llc","username":"admin@rebornrental.com","cache_ttl":"3600 seconds"} 
[2026-01-23 14:33:12] local.INFO: ✅ [ODOO] Connection test PASSED {"url":"https://rbcmswusa-llc.odoo.com","database":"rbcmswusa-llc","uid":2,"status":"connected","note":"Odoo is reachable and authentication successful"} 
[2026-01-23 14:33:16] local.INFO: 🔍 [ODOO] Testing connection on application boot {"url":"https://rbcmswusa-llc.odoo.com","database":"rbcmswusa-llc","username":"admin@rebornrental.com"} 
[2026-01-23 14:33:16] local.INFO: 🔐 [ODOO] Starting authentication {"url":"https://rbcmswusa-llc.odoo.com","database":"rbcmswusa-llc","username":"admin@rebornrental.com"} 
[2026-01-23 14:33:17] local.INFO: ✅ [ODOO] Authentication successful {"uid":2,"database":"rbcmswusa-llc","username":"admin@rebornrental.com","cache_ttl":"3600 seconds"} 
[2026-01-23 14:33:17] local.INFO: ✅ [ODOO] Connection test PASSED {"url":"https://rbcmswusa-llc.odoo.com","database":"rbcmswusa-llc","uid":2,"status":"connected","note":"Odoo is reachable and authentication successful"} 
[2026-01-23 14:33:17] local.INFO: 🔍 [ODOO] Testing connection on application boot {"url":"https://rbcmswusa-llc.odoo.com","database":"rbcmswusa-llc","username":"admin@rebornrental.com"} 
[2026-01-23 14:33:17] local.INFO: 🔐 [ODOO] Starting authentication {"url":"https://rbcmswusa-llc.odoo.com","database":"rbcmswusa-llc","username":"admin@rebornrental.com"} 
[2026-01-23 14:33:18] local.INFO: ✅ [ODOO] Authentication successful {"uid":2,"database":"rbcmswusa-llc","username":"admin@rebornrental.com","cache_ttl":"3600 seconds"} 
[2026-01-23 14:33:18] local.INFO: ✅ [ODOO] Connection test PASSED {"url":"https://rbcmswusa-llc.odoo.com","database":"rbcmswusa-llc","uid":2,"status":"connected","note":"Odoo is reachable and authentication successful"} 
[2026-01-23 14:33:19] local.INFO: 🔍 [ODOO] Testing connection on application boot {"url":"https://rbcmswusa-llc.odoo.com","database":"rbcmswusa-llc","username":"admin@rebornrental.com"} 
[2026-01-23 14:33:19] local.INFO: 🔐 [ODOO] Starting authentication {"url":"https://rbcmswusa-llc.odoo.com","database":"rbcmswusa-llc","username":"admin@rebornrental.com"} 
[2026-01-23 14:33:20] local.INFO: ✅ [ODOO] Authentication successful {"uid":2,"database":"rbcmswusa-llc","username":"admin@rebornrental.com","cache_ttl":"3600 seconds"} 
[2026-01-23 14:33:20] local.INFO: ✅ [ODOO] Connection test PASSED {"url":"https://rbcmswusa-llc.odoo.com","database":"rbcmswusa-llc","uid":2,"status":"connected","note":"Odoo is reachable and authentication successful"} 
[2026-01-23 14:33:20] local.INFO: 🔍 [ODOO] Testing connection on application boot {"url":"https://rbcmswusa-llc.odoo.com","database":"rbcmswusa-llc","username":"admin@rebornrental.com"} 
[2026-01-23 14:33:20] local.INFO: 🔐 [ODOO] Starting authentication {"url":"https://rbcmswusa-llc.odoo.com","database":"rbcmswusa-llc","username":"admin@rebornrental.com"} 
[2026-01-23 14:33:21] local.INFO: ✅ [ODOO] Authentication successful {"uid":2,"database":"rbcmswusa-llc","username":"admin@rebornrental.com","cache_ttl":"3600 seconds"} 
[2026-01-23 14:33:21] local.INFO: ✅ [ODOO] Connection test PASSED {"url":"https://rbcmswusa-llc.odoo.com","database":"rbcmswusa-llc","uid":2,"status":"connected","note":"Odoo is reachable and authentication successful"} 
[2026-01-23 14:44:11] local.INFO: 🔍 [ODOO] Testing connection on application boot {"url":"https://rbcmswusa-llc.odoo.com","database":"rbcmswusa-llc","username":"admin@rebornrental.com"} 
[2026-01-23 14:44:11] local.INFO: 🔐 [ODOO] Starting authentication {"url":"https://rbcmswusa-llc.odoo.com","database":"rbcmswusa-llc","username":"admin@rebornrental.com"} 
[2026-01-23 14:44:12] local.INFO: ✅ [ODOO] Authentication successful {"uid":2,"database":"rbcmswusa-llc","username":"admin@rebornrental.com","cache_ttl":"3600 seconds"} 
[2026-01-23 14:44:12] local.INFO: ✅ [ODOO] Connection test PASSED {"url":"https://rbcmswusa-llc.odoo.com","database":"rbcmswusa-llc","uid":2,"status":"connected","note":"Odoo is reachable and authentication successful"} 
[2026-01-23 14:44:12] local.INFO: 🔍 [ODOO] Testing connection on application boot {"url":"https://rbcmswusa-llc.odoo.com","database":"rbcmswusa-llc","username":"admin@rebornrental.com"} 
[2026-01-23 14:44:12] local.INFO: 🔐 [ODOO] Starting authentication {"url":"https://rbcmswusa-llc.odoo.com","database":"rbcmswusa-llc","username":"admin@rebornrental.com"} 
[2026-01-23 14:44:18] local.INFO: ✅ [ODOO] Authentication successful {"uid":2,"database":"rbcmswusa-llc","username":"admin@rebornrental.com","cache_ttl":"3600 seconds"} 
[2026-01-23 14:44:18] local.INFO: ✅ [ODOO] Connection test PASSED {"url":"https://rbcmswusa-llc.odoo.com","database":"rbcmswusa-llc","uid":2,"status":"connected","note":"Odoo is reachable and authentication successful"} 
[2026-01-23 14:54:43] local.INFO: 🔍 [ODOO] Testing connection on application boot {"url":"https://rbcmswusa-llc.odoo.com","database":"rbcmswusa-llc","username":"admin@rebornrental.com"} 
[2026-01-23 14:54:43] local.INFO: 🔐 [ODOO] Starting authentication {"url":"https://rbcmswusa-llc.odoo.com","database":"rbcmswusa-llc","username":"admin@rebornrental.com"} 
[2026-01-23 14:54:47] local.INFO: ✅ [ODOO] Authentication successful {"uid":2,"database":"rbcmswusa-llc","username":"admin@rebornrental.com","cache_ttl":"3600 seconds"} 
[2026-01-23 14:54:47] local.INFO: ✅ [ODOO] Connection test PASSED {"url":"https://rbcmswusa-llc.odoo.com","database":"rbcmswusa-llc","uid":2,"status":"connected","note":"Odoo is reachable and authentication successful"} 
[2026-01-23 14:54:47] local.INFO: 🔍 [ODOO] Testing connection on application boot {"url":"https://rbcmswusa-llc.odoo.com","database":"rbcmswusa-llc","username":"admin@rebornrental.com"} 
[2026-01-23 14:54:47] local.INFO: 🔐 [ODOO] Starting authentication {"url":"https://rbcmswusa-llc.odoo.com","database":"rbcmswusa-llc","username":"admin@rebornrental.com"} 
[2026-01-23 14:54:49] local.INFO: ✅ [ODOO] Authentication successful {"uid":2,"database":"rbcmswusa-llc","username":"admin@rebornrental.com","cache_ttl":"3600 seconds"} 
[2026-01-23 14:54:49] local.INFO: ✅ [ODOO] Connection test PASSED {"url":"https://rbcmswusa-llc.odoo.com","database":"rbcmswusa-llc","uid":2,"status":"connected","note":"Odoo is reachable and authentication successful"} 
[2026-01-23 14:55:08] local.INFO: 🔍 [ODOO] Testing connection on application boot {"url":"https://rbcmswusa-llc.odoo.com","database":"rbcmswusa-llc","username":"admin@rebornrental.com"} 
[2026-01-23 14:55:08] local.INFO: 🔐 [ODOO] Starting authentication {"url":"https://rbcmswusa-llc.odoo.com","database":"rbcmswusa-llc","username":"admin@rebornrental.com"} 
[2026-01-23 14:55:10] local.INFO: ✅ [ODOO] Authentication successful {"uid":2,"database":"rbcmswusa-llc","username":"admin@rebornrental.com","cache_ttl":"3600 seconds"} 
[2026-01-23 14:55:10] local.INFO: ✅ [ODOO] Connection test PASSED {"url":"https://rbcmswusa-llc.odoo.com","database":"rbcmswusa-llc","uid":2,"status":"connected","note":"Odoo is reachable and authentication successful"} 
[2026-01-23 14:55:10] local.INFO: 🔍 [ODOO] Testing connection on application boot {"url":"https://rbcmswusa-llc.odoo.com","database":"rbcmswusa-llc","username":"admin@rebornrental.com"} 
[2026-01-23 14:55:10] local.INFO: 🔐 [ODOO] Starting authentication {"url":"https://rbcmswusa-llc.odoo.com","database":"rbcmswusa-llc","username":"admin@rebornrental.com"} 
[2026-01-23 14:55:11] local.INFO: ✅ [ODOO] Authentication successful {"uid":2,"database":"rbcmswusa-llc","username":"admin@rebornrental.com","cache_ttl":"3600 seconds"} 
[2026-01-23 14:55:11] local.INFO: ✅ [ODOO] Connection test PASSED {"url":"https://rbcmswusa-llc.odoo.com","database":"rbcmswusa-llc","uid":2,"status":"connected","note":"Odoo is reachable and authentication successful"} 
[2026-01-23 14:56:32] local.INFO: 🔍 [ODOO] Testing connection on application boot {"url":"https://rbcmswusa-llc.odoo.com","database":"rbcmswusa-llc","username":"admin@rebornrental.com"} 
[2026-01-23 14:56:32] local.INFO: 🔐 [ODOO] Starting authentication {"url":"https://rbcmswusa-llc.odoo.com","database":"rbcmswusa-llc","username":"admin@rebornrental.com"} 
[2026-01-23 14:56:33] local.INFO: ✅ [ODOO] Authentication successful {"uid":2,"database":"rbcmswusa-llc","username":"admin@rebornrental.com","cache_ttl":"3600 seconds"} 
[2026-01-23 14:56:33] local.INFO: ✅ [ODOO] Connection test PASSED {"url":"https://rbcmswusa-llc.odoo.com","database":"rbcmswusa-llc","uid":2,"status":"connected","note":"Odoo is reachable and authentication successful"} 
[2026-01-23 14:56:34] local.INFO: 🔍 [ODOO] Testing connection on application boot {"url":"https://rbcmswusa-llc.odoo.com","database":"rbcmswusa-llc","username":"admin@rebornrental.com"} 
[2026-01-23 14:56:34] local.INFO: 🔐 [ODOO] Starting authentication {"url":"https://rbcmswusa-llc.odoo.com","database":"rbcmswusa-llc","username":"admin@rebornrental.com"} 
[2026-01-23 14:56:35] local.INFO: ✅ [ODOO] Authentication successful {"uid":2,"database":"rbcmswusa-llc","username":"admin@rebornrental.com","cache_ttl":"3600 seconds"} 
[2026-01-23 14:56:35] local.INFO: ✅ [ODOO] Connection test PASSED {"url":"https://rbcmswusa-llc.odoo.com","database":"rbcmswusa-llc","uid":2,"status":"connected","note":"Odoo is reachable and authentication successful"} 
[2026-01-23 15:33:49] local.INFO: 🔍 [ODOO] Testing connection on application boot {"url":"https://rbcmswusa-llc.odoo.com","database":"rbcmswusa-llc","username":"admin@rebornrental.com"} 
[2026-01-23 15:33:49] local.INFO: 🔐 [ODOO] Starting authentication {"url":"https://rbcmswusa-llc.odoo.com","database":"rbcmswusa-llc","username":"admin@rebornrental.com"} 
[2026-01-23 15:33:51] local.INFO: ✅ [ODOO] Authentication successful {"uid":2,"database":"rbcmswusa-llc","username":"admin@rebornrental.com","cache_ttl":"3600 seconds"} 
[2026-01-23 15:33:51] local.INFO: ✅ [ODOO] Connection test PASSED {"url":"https://rbcmswusa-llc.odoo.com","database":"rbcmswusa-llc","uid":2,"status":"connected","note":"Odoo is reachable and authentication successful"} 
[2026-01-23 15:33:56] local.INFO: 🔍 [ODOO] Testing connection on application boot {"url":"https://rbcmswusa-llc.odoo.com","database":"rbcmswusa-llc","username":"admin@rebornrental.com"} 
[2026-01-23 15:33:56] local.INFO: 🔐 [ODOO] Starting authentication {"url":"https://rbcmswusa-llc.odoo.com","database":"rbcmswusa-llc","username":"admin@rebornrental.com"} 
[2026-01-23 15:33:57] local.INFO: ✅ [ODOO] Authentication successful {"uid":2,"database":"rbcmswusa-llc","username":"admin@rebornrental.com","cache_ttl":"3600 seconds"} 
[2026-01-23 15:33:57] local.INFO: ✅ [ODOO] Connection test PASSED {"url":"https://rbcmswusa-llc.odoo.com","database":"rbcmswusa-llc","uid":2,"status":"connected","note":"Odoo is reachable and authentication successful"} 
[2026-01-23 15:33:58] local.INFO: 🔍 [ODOO] Testing connection on application boot {"url":"https://rbcmswusa-llc.odoo.com","database":"rbcmswusa-llc","username":"admin@rebornrental.com"} 
[2026-01-23 15:33:58] local.INFO: 🔐 [ODOO] Starting authentication {"url":"https://rbcmswusa-llc.odoo.com","database":"rbcmswusa-llc","username":"admin@rebornrental.com"} 
[2026-01-23 15:33:59] local.INFO: ✅ [ODOO] Authentication successful {"uid":2,"database":"rbcmswusa-llc","username":"admin@rebornrental.com","cache_ttl":"3600 seconds"} 
[2026-01-23 15:33:59] local.INFO: ✅ [ODOO] Connection test PASSED {"url":"https://rbcmswusa-llc.odoo.com","database":"rbcmswusa-llc","uid":2,"status":"connected","note":"Odoo is reachable and authentication successful"} 
[2026-01-23 17:55:33] local.INFO: 🔍 [ODOO] Testing connection on application boot {"url":"https://rbcmswusa-llc.odoo.com","database":"rbcmswusa-llc","username":"admin@rebornrental.com"} 
[2026-01-23 17:55:33] local.INFO: 🔐 [ODOO] Starting authentication {"url":"https://rbcmswusa-llc.odoo.com","database":"rbcmswusa-llc","username":"admin@rebornrental.com"} 
[2026-01-23 17:55:34] local.INFO: ✅ [ODOO] Authentication successful {"uid":2,"database":"rbcmswusa-llc","username":"admin@rebornrental.com","cache_ttl":"3600 seconds"} 
[2026-01-23 17:55:34] local.INFO: ✅ [ODOO] Connection test PASSED {"url":"https://rbcmswusa-llc.odoo.com","database":"rbcmswusa-llc","uid":2,"status":"connected","note":"Odoo is reachable and authentication successful"} 
[2026-01-23 17:55:39] local.INFO: 🔍 [ODOO] Testing connection on application boot {"url":"https://rbcmswusa-llc.odoo.com","database":"rbcmswusa-llc","username":"admin@rebornrental.com"} 
[2026-01-23 17:55:39] local.INFO: 🔐 [ODOO] Starting authentication {"url":"https://rbcmswusa-llc.odoo.com","database":"rbcmswusa-llc","username":"admin@rebornrental.com"} 
[2026-01-23 17:55:40] local.INFO: ✅ [ODOO] Authentication successful {"uid":2,"database":"rbcmswusa-llc","username":"admin@rebornrental.com","cache_ttl":"3600 seconds"} 
[2026-01-23 17:55:40] local.INFO: ✅ [ODOO] Connection test PASSED {"url":"https://rbcmswusa-llc.odoo.com","database":"rbcmswusa-llc","uid":2,"status":"connected","note":"Odoo is reachable and authentication successful"} 
[2026-01-23 17:55:47] local.INFO: 🔍 [ODOO] Testing connection on application boot {"url":"https://rbcmswusa-llc.odoo.com","database":"rbcmswusa-llc","username":"admin@rebornrental.com"} 
[2026-01-23 17:55:47] local.INFO: 🔐 [ODOO] Starting authentication {"url":"https://rbcmswusa-llc.odoo.com","database":"rbcmswusa-llc","username":"admin@rebornrental.com"} 
[2026-01-23 17:55:50] local.INFO: ✅ [ODOO] Authentication successful {"uid":2,"database":"rbcmswusa-llc","username":"admin@rebornrental.com","cache_ttl":"3600 seconds"} 
[2026-01-23 17:55:50] local.INFO: ✅ [ODOO] Connection test PASSED {"url":"https://rbcmswusa-llc.odoo.com","database":"rbcmswusa-llc","uid":2,"status":"connected","note":"Odoo is reachable and authentication successful"} 
[2026-01-23 17:57:00] local.INFO: 🔍 [ODOO] Testing connection on application boot {"url":"https://rbcmswusa-llc.odoo.com","database":"rbcmswusa-llc","username":"admin@rebornrental.com"} 
[2026-01-23 17:57:00] local.INFO: 🔐 [ODOO] Starting authentication {"url":"https://rbcmswusa-llc.odoo.com","database":"rbcmswusa-llc","username":"admin@rebornrental.com"} 
[2026-01-23 17:57:01] local.INFO: ✅ [ODOO] Authentication successful {"uid":2,"database":"rbcmswusa-llc","username":"admin@rebornrental.com","cache_ttl":"3600 seconds"} 
[2026-01-23 17:57:01] local.INFO: ✅ [ODOO] Connection test PASSED {"url":"https://rbcmswusa-llc.odoo.com","database":"rbcmswusa-llc","uid":2,"status":"connected","note":"Odoo is reachable and authentication successful"} 
[2026-01-23 17:57:01] local.INFO: 🔍 [ODOO] Testing connection on application boot {"url":"https://rbcmswusa-llc.odoo.com","database":"rbcmswusa-llc","username":"admin@rebornrental.com"} 
[2026-01-23 17:57:01] local.INFO: 🔐 [ODOO] Starting authentication {"url":"https://rbcmswusa-llc.odoo.com","database":"rbcmswusa-llc","username":"admin@rebornrental.com"} 
[2026-01-23 17:57:02] local.INFO: ✅ [ODOO] Authentication successful {"uid":2,"database":"rbcmswusa-llc","username":"admin@rebornrental.com","cache_ttl":"3600 seconds"} 
[2026-01-23 17:57:02] local.INFO: ✅ [ODOO] Connection test PASSED {"url":"https://rbcmswusa-llc.odoo.com","database":"rbcmswusa-llc","uid":2,"status":"connected","note":"Odoo is reachable and authentication successful"} 
[2026-01-23 17:57:03] local.INFO: 🔍 [ODOO] Testing connection on application boot {"url":"https://rbcmswusa-llc.odoo.com","database":"rbcmswusa-llc","username":"admin@rebornrental.com"} 
[2026-01-23 17:57:03] local.INFO: 🔐 [ODOO] Starting authentication {"url":"https://rbcmswusa-llc.odoo.com","database":"rbcmswusa-llc","username":"admin@rebornrental.com"} 
[2026-01-23 17:57:04] local.INFO: ✅ [ODOO] Authentication successful {"uid":2,"database":"rbcmswusa-llc","username":"admin@rebornrental.com","cache_ttl":"3600 seconds"} 
[2026-01-23 17:57:04] local.INFO: ✅ [ODOO] Connection test PASSED {"url":"https://rbcmswusa-llc.odoo.com","database":"rbcmswusa-llc","uid":2,"status":"connected","note":"Odoo is reachable and authentication successful"} 
[2026-01-23 17:57:04] local.INFO: 🔍 [ODOO] Testing connection on application boot {"url":"https://rbcmswusa-llc.odoo.com","database":"rbcmswusa-llc","username":"admin@rebornrental.com"} 
[2026-01-23 17:57:04] local.INFO: 🔐 [ODOO] Starting authentication {"url":"https://rbcmswusa-llc.odoo.com","database":"rbcmswusa-llc","username":"admin@rebornrental.com"} 
[2026-01-23 17:57:05] local.INFO: ✅ [ODOO] Authentication successful {"uid":2,"database":"rbcmswusa-llc","username":"admin@rebornrental.com","cache_ttl":"3600 seconds"} 
[2026-01-23 17:57:05] local.INFO: ✅ [ODOO] Connection test PASSED {"url":"https://rbcmswusa-llc.odoo.com","database":"rbcmswusa-llc","uid":2,"status":"connected","note":"Odoo is reachable and authentication successful"} 
[2026-01-23 17:57:12] local.INFO: 🔍 [ODOO] Testing connection on application boot {"url":"https://rbcmswusa-llc.odoo.com","database":"rbcmswusa-llc","username":"admin@rebornrental.com"} 
[2026-01-23 17:57:12] local.INFO: 🔐 [ODOO] Starting authentication {"url":"https://rbcmswusa-llc.odoo.com","database":"rbcmswusa-llc","username":"admin@rebornrental.com"} 
[2026-01-23 17:57:14] local.INFO: ✅ [ODOO] Authentication successful {"uid":2,"database":"rbcmswusa-llc","username":"admin@rebornrental.com","cache_ttl":"3600 seconds"} 
[2026-01-23 17:57:14] local.INFO: ✅ [ODOO] Connection test PASSED {"url":"https://rbcmswusa-llc.odoo.com","database":"rbcmswusa-llc","uid":2,"status":"connected","note":"Odoo is reachable and authentication successful"} 
[2026-01-23 17:57:14] local.INFO: 🔍 [ODOO] Testing connection on application boot {"url":"https://rbcmswusa-llc.odoo.com","database":"rbcmswusa-llc","username":"admin@rebornrental.com"} 
[2026-01-23 17:57:14] local.INFO: 🔐 [ODOO] Starting authentication {"url":"https://rbcmswusa-llc.odoo.com","database":"rbcmswusa-llc","username":"admin@rebornrental.com"} 
[2026-01-23 17:57:15] local.INFO: ✅ [ODOO] Authentication successful {"uid":2,"database":"rbcmswusa-llc","username":"admin@rebornrental.com","cache_ttl":"3600 seconds"} 
[2026-01-23 17:57:15] local.INFO: ✅ [ODOO] Connection test PASSED {"url":"https://rbcmswusa-llc.odoo.com","database":"rbcmswusa-llc","uid":2,"status":"connected","note":"Odoo is reachable and authentication successful"} 
[2026-01-23 17:57:21] local.INFO: 🔍 [ODOO] Testing connection on application boot {"url":"https://rbcmswusa-llc.odoo.com","database":"rbcmswusa-llc","username":"admin@rebornrental.com"} 
[2026-01-23 17:57:21] local.INFO: 🔐 [ODOO] Starting authentication {"url":"https://rbcmswusa-llc.odoo.com","database":"rbcmswusa-llc","username":"admin@rebornrental.com"} 
[2026-01-23 17:57:22] local.INFO: ✅ [ODOO] Authentication successful {"uid":2,"database":"rbcmswusa-llc","username":"admin@rebornrental.com","cache_ttl":"3600 seconds"} 
[2026-01-23 17:57:22] local.INFO: ✅ [ODOO] Connection test PASSED {"url":"https://rbcmswusa-llc.odoo.com","database":"rbcmswusa-llc","uid":2,"status":"connected","note":"Odoo is reachable and authentication successful"} 
[2026-01-23 17:57:22] local.INFO: 🔍 [ODOO] Testing connection on application boot {"url":"https://rbcmswusa-llc.odoo.com","database":"rbcmswusa-llc","username":"admin@rebornrental.com"} 
[2026-01-23 17:57:22] local.INFO: 🔐 [ODOO] Starting authentication {"url":"https://rbcmswusa-llc.odoo.com","database":"rbcmswusa-llc","username":"admin@rebornrental.com"} 
[2026-01-23 17:57:23] local.INFO: ✅ [ODOO] Authentication successful {"uid":2,"database":"rbcmswusa-llc","username":"admin@rebornrental.com","cache_ttl":"3600 seconds"} 
[2026-01-23 17:57:23] local.INFO: ✅ [ODOO] Connection test PASSED {"url":"https://rbcmswusa-llc.odoo.com","database":"rbcmswusa-llc","uid":2,"status":"connected","note":"Odoo is reachable and authentication successful"} 
[2026-01-23 17:57:23] local.INFO: 🔍 [ODOO] Testing connection on application boot {"url":"https://rbcmswusa-llc.odoo.com","database":"rbcmswusa-llc","username":"admin@rebornrental.com"} 
[2026-01-23 17:57:23] local.INFO: 🔐 [ODOO] Starting authentication {"url":"https://rbcmswusa-llc.odoo.com","database":"rbcmswusa-llc","username":"admin@rebornrental.com"} 
[2026-01-23 17:57:24] local.INFO: ✅ [ODOO] Authentication successful {"uid":2,"database":"rbcmswusa-llc","username":"admin@rebornrental.com","cache_ttl":"3600 seconds"} 
[2026-01-23 17:57:24] local.INFO: ✅ [ODOO] Connection test PASSED {"url":"https://rbcmswusa-llc.odoo.com","database":"rbcmswusa-llc","uid":2,"status":"connected","note":"Odoo is reachable and authentication successful"} 
[2026-01-23 17:57:24] local.INFO: 🔍 [ODOO] Testing connection on application boot {"url":"https://rbcmswusa-llc.odoo.com","database":"rbcmswusa-llc","username":"admin@rebornrental.com"} 
[2026-01-23 17:57:24] local.INFO: 🔐 [ODOO] Starting authentication {"url":"https://rbcmswusa-llc.odoo.com","database":"rbcmswusa-llc","username":"admin@rebornrental.com"} 
[2026-01-23 17:57:26] local.INFO: ✅ [ODOO] Authentication successful {"uid":2,"database":"rbcmswusa-llc","username":"admin@rebornrental.com","cache_ttl":"3600 seconds"} 
[2026-01-23 17:57:26] local.INFO: ✅ [ODOO] Connection test PASSED {"url":"https://rbcmswusa-llc.odoo.com","database":"rbcmswusa-llc","uid":2,"status":"connected","note":"Odoo is reachable and authentication successful"} 
[2026-01-23 17:57:29] local.INFO: 🔍 [ODOO] Testing connection on application boot {"url":"https://rbcmswusa-llc.odoo.com","database":"rbcmswusa-llc","username":"admin@rebornrental.com"} 
[2026-01-23 17:57:29] local.INFO: 🔐 [ODOO] Starting authentication {"url":"https://rbcmswusa-llc.odoo.com","database":"rbcmswusa-llc","username":"admin@rebornrental.com"} 
[2026-01-23 17:57:30] local.INFO: ✅ [ODOO] Authentication successful {"uid":2,"database":"rbcmswusa-llc","username":"admin@rebornrental.com","cache_ttl":"3600 seconds"} 
[2026-01-23 17:57:30] local.INFO: ✅ [ODOO] Connection test PASSED {"url":"https://rbcmswusa-llc.odoo.com","database":"rbcmswusa-llc","uid":2,"status":"connected","note":"Odoo is reachable and authentication successful"} 
[2026-01-23 17:57:30] local.INFO: 🔍 [ODOO] Testing connection on application boot {"url":"https://rbcmswusa-llc.odoo.com","database":"rbcmswusa-llc","username":"admin@rebornrental.com"} 
[2026-01-23 17:57:30] local.INFO: 🔐 [ODOO] Starting authentication {"url":"https://rbcmswusa-llc.odoo.com","database":"rbcmswusa-llc","username":"admin@rebornrental.com"} 
[2026-01-23 17:57:31] local.INFO: ✅ [ODOO] Authentication successful {"uid":2,"database":"rbcmswusa-llc","username":"admin@rebornrental.com","cache_ttl":"3600 seconds"} 
[2026-01-23 17:57:31] local.INFO: ✅ [ODOO] Connection test PASSED {"url":"https://rbcmswusa-llc.odoo.com","database":"rbcmswusa-llc","uid":2,"status":"connected","note":"Odoo is reachable and authentication successful"} 
